<?xml version="1.0" encoding="UTF-8"?>
<testsuite xmlns:xsi="http://www.w3.org/2001/XMLSchema-instance" xsi:noNamespaceSchemaLocation="https://maven.apache.org/surefire/maven-surefire-plugin/xsd/surefire-test-report.xsd" version="3.0.2" name="com.example.finance.service.PaymentProducerTest" time="0.729" tests="3" errors="0" skipped="0" failures="0">
  <properties>
    <property name="java.specification.version" value="21"/>
    <property name="sun.jnu.encoding" value="UTF-8"/>
    <property name="java.class.path" value="/Users/User/workspace/payment-pipeline/payment-producer/target/test-classes:/Users/User/workspace/payment-pipeline/payment-producer/target/classes:/Users/User/workspace/payment-pipeline/payment-common/target/classes:/Users/User/.m2/repository/org/springframework/kafka/spring-kafka/3.3.9/spring-kafka-3.3.9.jar:/Users/User/.m2/repository/org/springframework/spring-context/6.2.10/spring-context-6.2.10.jar:/Users/User/.m2/repository/org/springframework/spring-aop/6.2.10/spring-aop-6.2.10.jar:/Users/User/.m2/repository/org/springframework/spring-beans/6.2.10/spring-beans-6.2.10.jar:/Users/User/.m2/repository/org/springframework/spring-expression/6.2.10/spring-expression-6.2.10.jar:/Users/User/.m2/repository/org/springframework/spring-messaging/6.2.10/spring-messaging-6.2.10.jar:/Users/User/.m2/repository/org/springframework/spring-tx/6.2.10/spring-tx-6.2.10.jar:/Users/User/.m2/repository/org/springframework/retry/spring-retry/2.0.12/spring-retry-2.0.12.jar:/Users/User/.m2/repository/org/apache/kafka/kafka-clients/3.8.1/kafka-clients-3.8.1.jar:/Users/User/.m2/repository/com/github/luben/zstd-jni/1.5.6-4/zstd-jni-1.5.6-4.jar:/Users/User/.m2/repository/org/lz4/lz4-java/1.8.0/lz4-java-1.8.0.jar:/Users/User/.m2/repository/org/xerial/snappy/snappy-java/1.1.10.5/snappy-java-1.1.10.5.jar:/Users/User/.m2/repository/org/slf4j/slf4j-api/2.0.17/slf4j-api-2.0.17.jar:/Users/User/.m2/repository/io/micrometer/micrometer-observation/1.14.10/micrometer-observation-1.14.10.jar:/Users/User/.m2/repository/io/micrometer/micrometer-commons/1.14.10/micrometer-commons-1.14.10.jar:/Users/User/.m2/repository/org/springframework/boot/spring-boot-starter-data-jpa/3.4.9/spring-boot-starter-data-jpa-3.4.9.jar:/Users/User/.m2/repository/org/springframework/boot/spring-boot-starter/3.4.9/spring-boot-starter-3.4.9.jar:/Users/User/.m2/repository/org/springframework/boot/spring-boot/3.4.9/spring-boot-3.4.9.jar:/Users/User/.m2/repository/org/springframework/boot/spring-boot-autoconfigure/3.4.9/spring-boot-autoconfigure-3.4.9.jar:/Users/User/.m2/repository/org/springframework/boot/spring-boot-starter-logging/3.4.9/spring-boot-starter-logging-3.4.9.jar:/Users/User/.m2/repository/org/apache/logging/log4j/log4j-to-slf4j/2.24.3/log4j-to-slf4j-2.24.3.jar:/Users/User/.m2/repository/org/apache/logging/log4j/log4j-api/2.24.3/log4j-api-2.24.3.jar:/Users/User/.m2/repository/org/slf4j/jul-to-slf4j/2.0.17/jul-to-slf4j-2.0.17.jar:/Users/User/.m2/repository/jakarta/annotation/jakarta.annotation-api/2.1.1/jakarta.annotation-api-2.1.1.jar:/Users/User/.m2/repository/org/yaml/snakeyaml/2.3/snakeyaml-2.3.jar:/Users/User/.m2/repository/org/springframework/boot/spring-boot-starter-jdbc/3.4.9/spring-boot-starter-jdbc-3.4.9.jar:/Users/User/.m2/repository/com/zaxxer/HikariCP/5.1.0/HikariCP-5.1.0.jar:/Users/User/.m2/repository/org/springframework/spring-jdbc/6.2.10/spring-jdbc-6.2.10.jar:/Users/User/.m2/repository/org/hibernate/orm/hibernate-core/6.6.26.Final/hibernate-core-6.6.26.Final.jar:/Users/User/.m2/repository/jakarta/persistence/jakarta.persistence-api/3.1.0/jakarta.persistence-api-3.1.0.jar:/Users/User/.m2/repository/jakarta/transaction/jakarta.transaction-api/2.0.1/jakarta.transaction-api-2.0.1.jar:/Users/User/.m2/repository/org/jboss/logging/jboss-logging/3.6.1.Final/jboss-logging-3.6.1.Final.jar:/Users/User/.m2/repository/org/hibernate/common/hibernate-commons-annotations/7.0.3.Final/hibernate-commons-annotations-7.0.3.Final.jar:/Users/User/.m2/repository/io/smallrye/jandex/3.2.0/jandex-3.2.0.jar:/Users/User/.m2/repository/com/fasterxml/classmate/1.7.0/classmate-1.7.0.jar:/Users/User/.m2/repository/net/bytebuddy/byte-buddy/1.15.11/byte-buddy-1.15.11.jar:/Users/User/.m2/repository/org/glassfish/jaxb/jaxb-runtime/4.0.5/jaxb-runtime-4.0.5.jar:/Users/User/.m2/repository/org/glassfish/jaxb/jaxb-core/4.0.5/jaxb-core-4.0.5.jar:/Users/User/.m2/repository/org/eclipse/angus/angus-activation/2.0.2/angus-activation-2.0.2.jar:/Users/User/.m2/repository/org/glassfish/jaxb/txw2/4.0.5/txw2-4.0.5.jar:/Users/User/.m2/repository/com/sun/istack/istack-commons-runtime/4.1.2/istack-commons-runtime-4.1.2.jar:/Users/User/.m2/repository/jakarta/inject/jakarta.inject-api/2.0.1/jakarta.inject-api-2.0.1.jar:/Users/User/.m2/repository/org/antlr/antlr4-runtime/4.13.0/antlr4-runtime-4.13.0.jar:/Users/User/.m2/repository/org/springframework/data/spring-data-jpa/3.4.9/spring-data-jpa-3.4.9.jar:/Users/User/.m2/repository/org/springframework/data/spring-data-commons/3.4.9/spring-data-commons-3.4.9.jar:/Users/User/.m2/repository/org/springframework/spring-orm/6.2.10/spring-orm-6.2.10.jar:/Users/User/.m2/repository/org/springframework/spring-aspects/6.2.10/spring-aspects-6.2.10.jar:/Users/User/.m2/repository/org/aspectj/aspectjweaver/1.9.24/aspectjweaver-1.9.24.jar:/Users/User/.m2/repository/org/springframework/boot/spring-boot-starter-webflux/3.4.9/spring-boot-starter-webflux-3.4.9.jar:/Users/User/.m2/repository/org/springframework/boot/spring-boot-starter-json/3.4.9/spring-boot-starter-json-3.4.9.jar:/Users/User/.m2/repository/com/fasterxml/jackson/core/jackson-databind/2.18.4/jackson-databind-2.18.4.jar:/Users/User/.m2/repository/com/fasterxml/jackson/core/jackson-annotations/2.18.4/jackson-annotations-2.18.4.jar:/Users/User/.m2/repository/com/fasterxml/jackson/core/jackson-core/2.18.4.1/jackson-core-2.18.4.1.jar:/Users/User/.m2/repository/com/fasterxml/jackson/datatype/jackson-datatype-jdk8/2.18.4/jackson-datatype-jdk8-2.18.4.jar:/Users/User/.m2/repository/com/fasterxml/jackson/datatype/jackson-datatype-jsr310/2.18.4/jackson-datatype-jsr310-2.18.4.jar:/Users/User/.m2/repository/com/fasterxml/jackson/module/jackson-module-parameter-names/2.18.4/jackson-module-parameter-names-2.18.4.jar:/Users/User/.m2/repository/org/springframework/boot/spring-boot-starter-reactor-netty/3.4.9/spring-boot-starter-reactor-netty-3.4.9.jar:/Users/User/.m2/repository/io/projectreactor/netty/reactor-netty-http/1.2.9/reactor-netty-http-1.2.9.jar:/Users/User/.m2/repository/io/netty/netty-codec-http/4.1.124.Final/netty-codec-http-4.1.124.Final.jar:/Users/User/.m2/repository/io/netty/netty-codec-http2/4.1.124.Final/netty-codec-http2-4.1.124.Final.jar:/Users/User/.m2/repository/io/netty/netty-resolver-dns/4.1.124.Final/netty-resolver-dns-4.1.124.Final.jar:/Users/User/.m2/repository/io/netty/netty-codec-dns/4.1.124.Final/netty-codec-dns-4.1.124.Final.jar:/Users/User/.m2/repository/io/netty/netty-resolver-dns-native-macos/4.1.124.Final/netty-resolver-dns-native-macos-4.1.124.Final-osx-x86_64.jar:/Users/User/.m2/repository/io/netty/netty-resolver-dns-classes-macos/4.1.124.Final/netty-resolver-dns-classes-macos-4.1.124.Final.jar:/Users/User/.m2/repository/io/netty/netty-transport-native-epoll/4.1.124.Final/netty-transport-native-epoll-4.1.124.Final-linux-x86_64.jar:/Users/User/.m2/repository/io/projectreactor/netty/reactor-netty-core/1.2.9/reactor-netty-core-1.2.9.jar:/Users/User/.m2/repository/io/netty/netty-handler-proxy/4.1.124.Final/netty-handler-proxy-4.1.124.Final.jar:/Users/User/.m2/repository/io/netty/netty-codec-socks/4.1.124.Final/netty-codec-socks-4.1.124.Final.jar:/Users/User/.m2/repository/org/springframework/spring-web/6.2.10/spring-web-6.2.10.jar:/Users/User/.m2/repository/org/springframework/spring-webflux/6.2.10/spring-webflux-6.2.10.jar:/Users/User/.m2/repository/org/postgresql/postgresql/42.7.7/postgresql-42.7.7.jar:/Users/User/.m2/repository/org/checkerframework/checker-qual/3.49.3/checker-qual-3.49.3.jar:/Users/User/.m2/repository/org/projectlombok/lombok/1.18.38/lombok-1.18.38.jar:/Users/User/.m2/repository/org/springframework/boot/spring-boot-starter-test/3.4.9/spring-boot-starter-test-3.4.9.jar:/Users/User/.m2/repository/org/springframework/boot/spring-boot-test/3.4.9/spring-boot-test-3.4.9.jar:/Users/User/.m2/repository/org/springframework/boot/spring-boot-test-autoconfigure/3.4.9/spring-boot-test-autoconfigure-3.4.9.jar:/Users/User/.m2/repository/com/jayway/jsonpath/json-path/2.9.0/json-path-2.9.0.jar:/Users/User/.m2/repository/jakarta/xml/bind/jakarta.xml.bind-api/4.0.2/jakarta.xml.bind-api-4.0.2.jar:/Users/User/.m2/repository/jakarta/activation/jakarta.activation-api/2.1.3/jakarta.activation-api-2.1.3.jar:/Users/User/.m2/repository/net/minidev/json-smart/2.5.2/json-smart-2.5.2.jar:/Users/User/.m2/repository/net/minidev/accessors-smart/2.5.2/accessors-smart-2.5.2.jar:/Users/User/.m2/repository/org/ow2/asm/asm/9.7.1/asm-9.7.1.jar:/Users/User/.m2/repository/org/assertj/assertj-core/3.26.3/assertj-core-3.26.3.jar:/Users/User/.m2/repository/org/awaitility/awaitility/4.2.2/awaitility-4.2.2.jar:/Users/User/.m2/repository/org/hamcrest/hamcrest/2.2/hamcrest-2.2.jar:/Users/User/.m2/repository/org/junit/jupiter/junit-jupiter/5.11.4/junit-jupiter-5.11.4.jar:/Users/User/.m2/repository/org/junit/jupiter/junit-jupiter-params/5.11.4/junit-jupiter-params-5.11.4.jar:/Users/User/.m2/repository/org/junit/jupiter/junit-jupiter-engine/5.11.4/junit-jupiter-engine-5.11.4.jar:/Users/User/.m2/repository/org/mockito/mockito-core/5.14.2/mockito-core-5.14.2.jar:/Users/User/.m2/repository/net/bytebuddy/byte-buddy-agent/1.15.11/byte-buddy-agent-1.15.11.jar:/Users/User/.m2/repository/org/objenesis/objenesis/3.3/objenesis-3.3.jar:/Users/User/.m2/repository/org/mockito/mockito-junit-jupiter/5.14.2/mockito-junit-jupiter-5.14.2.jar:/Users/User/.m2/repository/org/skyscreamer/jsonassert/1.5.3/jsonassert-1.5.3.jar:/Users/User/.m2/repository/com/vaadin/external/google/android-json/0.0.20131108.vaadin1/android-json-0.0.20131108.vaadin1.jar:/Users/User/.m2/repository/org/springframework/spring-core/6.2.10/spring-core-6.2.10.jar:/Users/User/.m2/repository/org/springframework/spring-jcl/6.2.10/spring-jcl-6.2.10.jar:/Users/User/.m2/repository/org/springframework/spring-test/6.2.10/spring-test-6.2.10.jar:/Users/User/.m2/repository/org/xmlunit/xmlunit-core/2.10.3/xmlunit-core-2.10.3.jar:/Users/User/.m2/repository/io/projectreactor/reactor-test/3.7.9/reactor-test-3.7.9.jar:/Users/User/.m2/repository/io/projectreactor/reactor-core/3.7.9/reactor-core-3.7.9.jar:/Users/User/.m2/repository/org/reactivestreams/reactive-streams/1.0.4/reactive-streams-1.0.4.jar:/Users/User/.m2/repository/org/springframework/kafka/spring-kafka-test/3.3.9/spring-kafka-test-3.3.9.jar:/Users/User/.m2/repository/org/apache/zookeeper/zookeeper/3.8.4/zookeeper-3.8.4.jar:/Users/User/.m2/repository/org/apache/zookeeper/zookeeper-jute/3.8.4/zookeeper-jute-3.8.4.jar:/Users/User/.m2/repository/org/apache/yetus/audience-annotations/0.12.0/audience-annotations-0.12.0.jar:/Users/User/.m2/repository/io/netty/netty-handler/4.1.124.Final/netty-handler-4.1.124.Final.jar:/Users/User/.m2/repository/io/netty/netty-common/4.1.124.Final/netty-common-4.1.124.Final.jar:/Users/User/.m2/repository/io/netty/netty-resolver/4.1.124.Final/netty-resolver-4.1.124.Final.jar:/Users/User/.m2/repository/io/netty/netty-buffer/4.1.124.Final/netty-buffer-4.1.124.Final.jar:/Users/User/.m2/repository/io/netty/netty-transport/4.1.124.Final/netty-transport-4.1.124.Final.jar:/Users/User/.m2/repository/io/netty/netty-transport-native-unix-common/4.1.124.Final/netty-transport-native-unix-common-4.1.124.Final.jar:/Users/User/.m2/repository/io/netty/netty-codec/4.1.124.Final/netty-codec-4.1.124.Final.jar:/Users/User/.m2/repository/io/netty/netty-transport-native-epoll/4.1.124.Final/netty-transport-native-epoll-4.1.124.Final.jar:/Users/User/.m2/repository/io/netty/netty-transport-classes-epoll/4.1.124.Final/netty-transport-classes-epoll-4.1.124.Final.jar:/Users/User/.m2/repository/ch/qos/logback/logback-core/1.5.18/logback-core-1.5.18.jar:/Users/User/.m2/repository/ch/qos/logback/logback-classic/1.5.18/logback-classic-1.5.18.jar:/Users/User/.m2/repository/commons-io/commons-io/2.11.0/commons-io-2.11.0.jar:/Users/User/.m2/repository/org/apache/kafka/kafka-clients/3.8.1/kafka-clients-3.8.1-test.jar:/Users/User/.m2/repository/org/apache/kafka/kafka-server/3.8.1/kafka-server-3.8.1.jar:/Users/User/.m2/repository/org/apache/kafka/kafka-group-coordinator/3.8.1/kafka-group-coordinator-3.8.1.jar:/Users/User/.m2/repository/org/apache/kafka/kafka-transaction-coordinator/3.8.1/kafka-transaction-coordinator-3.8.1.jar:/Users/User/.m2/repository/org/apache/kafka/kafka-raft/3.8.1/kafka-raft-3.8.1.jar:/Users/User/.m2/repository/com/yammer/metrics/metrics-core/2.2.0/metrics-core-2.2.0.jar:/Users/User/.m2/repository/org/apache/kafka/kafka-metadata/3.8.1/kafka-metadata-3.8.1.jar:/Users/User/.m2/repository/org/apache/kafka/kafka-server-common/3.8.1/kafka-server-common-3.8.1.jar:/Users/User/.m2/repository/net/sf/jopt-simple/jopt-simple/5.0.4/jopt-simple-5.0.4.jar:/Users/User/.m2/repository/org/pcollections/pcollections/4.0.1/pcollections-4.0.1.jar:/Users/User/.m2/repository/org/apache/kafka/kafka-server-common/3.8.1/kafka-server-common-3.8.1-test.jar:/Users/User/.m2/repository/org/apache/kafka/kafka-streams-test-utils/3.8.1/kafka-streams-test-utils-3.8.1.jar:/Users/User/.m2/repository/org/apache/kafka/kafka-streams/3.8.1/kafka-streams-3.8.1.jar:/Users/User/.m2/repository/org/rocksdb/rocksdbjni/7.9.2/rocksdbjni-7.9.2.jar:/Users/User/.m2/repository/org/apache/kafka/kafka_2.13/3.8.1/kafka_2.13-3.8.1.jar:/Users/User/.m2/repository/org/scala-lang/scala-library/2.13.14/scala-library-2.13.14.jar:/Users/User/.m2/repository/org/apache/kafka/kafka-group-coordinator-api/3.8.1/kafka-group-coordinator-api-3.8.1.jar:/Users/User/.m2/repository/org/apache/kafka/kafka-storage-api/3.8.1/kafka-storage-api-3.8.1.jar:/Users/User/.m2/repository/org/apache/kafka/kafka-tools-api/3.8.1/kafka-tools-api-3.8.1.jar:/Users/User/.m2/repository/org/apache/kafka/kafka-storage/3.8.1/kafka-storage-3.8.1.jar:/Users/User/.m2/repository/com/github/ben-manes/caffeine/caffeine/3.1.8/caffeine-3.1.8.jar:/Users/User/.m2/repository/com/google/errorprone/error_prone_annotations/2.21.1/error_prone_annotations-2.21.1.jar:/Users/User/.m2/repository/net/sourceforge/argparse4j/argparse4j/0.7.0/argparse4j-0.7.0.jar:/Users/User/.m2/repository/commons-validator/commons-validator/1.7/commons-validator-1.7.jar:/Users/User/.m2/repository/commons-beanutils/commons-beanutils/1.9.4/commons-beanutils-1.9.4.jar:/Users/User/.m2/repository/commons-digester/commons-digester/2.1/commons-digester-2.1.jar:/Users/User/.m2/repository/commons-collections/commons-collections/3.2.2/commons-collections-3.2.2.jar:/Users/User/.m2/repository/com/fasterxml/jackson/module/jackson-module-scala_2.13/2.18.4/jackson-module-scala_2.13-2.18.4.jar:/Users/User/.m2/repository/com/thoughtworks/paranamer/paranamer/2.8/paranamer-2.8.jar:/Users/User/.m2/repository/com/fasterxml/jackson/dataformat/jackson-dataformat-csv/2.18.4/jackson-dataformat-csv-2.18.4.jar:/Users/User/.m2/repository/org/bitbucket/b_c/jose4j/0.9.4/jose4j-0.9.4.jar:/Users/User/.m2/repository/org/scala-lang/modules/scala-collection-compat_2.13/2.10.0/scala-collection-compat_2.13-2.10.0.jar:/Users/User/.m2/repository/org/scala-lang/modules/scala-java8-compat_2.13/1.0.2/scala-java8-compat_2.13-1.0.2.jar:/Users/User/.m2/repository/org/scala-lang/scala-reflect/2.13.14/scala-reflect-2.13.14.jar:/Users/User/.m2/repository/com/typesafe/scala-logging/scala-logging_2.13/3.9.4/scala-logging_2.13-3.9.4.jar:/Users/User/.m2/repository/io/dropwizard/metrics/metrics-core/4.1.12.1/metrics-core-4.1.12.1.jar:/Users/User/.m2/repository/commons-cli/commons-cli/1.4/commons-cli-1.4.jar:/Users/User/.m2/repository/org/apache/kafka/kafka_2.13/3.8.1/kafka_2.13-3.8.1-test.jar:/Users/User/.m2/repository/org/junit/jupiter/junit-jupiter-api/5.11.4/junit-jupiter-api-5.11.4.jar:/Users/User/.m2/repository/org/opentest4j/opentest4j/1.3.0/opentest4j-1.3.0.jar:/Users/User/.m2/repository/org/junit/platform/junit-platform-commons/1.11.4/junit-platform-commons-1.11.4.jar:/Users/User/.m2/repository/org/apiguardian/apiguardian-api/1.1.2/apiguardian-api-1.1.2.jar:/Users/User/.m2/repository/org/junit/platform/junit-platform-launcher/1.11.4/junit-platform-launcher-1.11.4.jar:/Users/User/.m2/repository/org/junit/platform/junit-platform-engine/1.11.4/junit-platform-engine-1.11.4.jar:"/>
    <property name="java.vm.vendor" value="Amazon.com Inc."/>
    <property name="sun.arch.data.model" value="64"/>
    <property name="java.vendor.url" value="https://aws.amazon.com/corretto/"/>
    <property name="user.timezone" value="Europe/Istanbul"/>
    <property name="os.name" value="Mac OS X"/>
    <property name="java.vm.specification.version" value="21"/>
    <property name="sun.java.launcher" value="SUN_STANDARD"/>
    <property name="user.country" value="GB"/>
    <property name="sun.boot.library.path" value="/Users/User/Library/Java/JavaVirtualMachines/corretto-21.0.5/Contents/Home/lib"/>
    <property name="sun.java.command" value="/Users/User/workspace/payment-pipeline/payment-producer/target/surefire/surefirebooter-20250825003852371_3.jar /Users/User/workspace/payment-pipeline/payment-producer/target/surefire 2025-08-25T00-38-50_485-jvmRun1 surefire-20250825003852371_1tmp surefire_0-20250825003852371_2tmp"/>
    <property name="http.nonProxyHosts" value="local|*.local|169.254/16|*.169.254/16"/>
    <property name="jdk.debug" value="release"/>
    <property name="surefire.test.class.path" value="/Users/User/workspace/payment-pipeline/payment-producer/target/test-classes:/Users/User/workspace/payment-pipeline/payment-producer/target/classes:/Users/User/workspace/payment-pipeline/payment-common/target/classes:/Users/User/.m2/repository/org/springframework/kafka/spring-kafka/3.3.9/spring-kafka-3.3.9.jar:/Users/User/.m2/repository/org/springframework/spring-context/6.2.10/spring-context-6.2.10.jar:/Users/User/.m2/repository/org/springframework/spring-aop/6.2.10/spring-aop-6.2.10.jar:/Users/User/.m2/repository/org/springframework/spring-beans/6.2.10/spring-beans-6.2.10.jar:/Users/User/.m2/repository/org/springframework/spring-expression/6.2.10/spring-expression-6.2.10.jar:/Users/User/.m2/repository/org/springframework/spring-messaging/6.2.10/spring-messaging-6.2.10.jar:/Users/User/.m2/repository/org/springframework/spring-tx/6.2.10/spring-tx-6.2.10.jar:/Users/User/.m2/repository/org/springframework/retry/spring-retry/2.0.12/spring-retry-2.0.12.jar:/Users/User/.m2/repository/org/apache/kafka/kafka-clients/3.8.1/kafka-clients-3.8.1.jar:/Users/User/.m2/repository/com/github/luben/zstd-jni/1.5.6-4/zstd-jni-1.5.6-4.jar:/Users/User/.m2/repository/org/lz4/lz4-java/1.8.0/lz4-java-1.8.0.jar:/Users/User/.m2/repository/org/xerial/snappy/snappy-java/1.1.10.5/snappy-java-1.1.10.5.jar:/Users/User/.m2/repository/org/slf4j/slf4j-api/2.0.17/slf4j-api-2.0.17.jar:/Users/User/.m2/repository/io/micrometer/micrometer-observation/1.14.10/micrometer-observation-1.14.10.jar:/Users/User/.m2/repository/io/micrometer/micrometer-commons/1.14.10/micrometer-commons-1.14.10.jar:/Users/User/.m2/repository/org/springframework/boot/spring-boot-starter-data-jpa/3.4.9/spring-boot-starter-data-jpa-3.4.9.jar:/Users/User/.m2/repository/org/springframework/boot/spring-boot-starter/3.4.9/spring-boot-starter-3.4.9.jar:/Users/User/.m2/repository/org/springframework/boot/spring-boot/3.4.9/spring-boot-3.4.9.jar:/Users/User/.m2/repository/org/springframework/boot/spring-boot-autoconfigure/3.4.9/spring-boot-autoconfigure-3.4.9.jar:/Users/User/.m2/repository/org/springframework/boot/spring-boot-starter-logging/3.4.9/spring-boot-starter-logging-3.4.9.jar:/Users/User/.m2/repository/org/apache/logging/log4j/log4j-to-slf4j/2.24.3/log4j-to-slf4j-2.24.3.jar:/Users/User/.m2/repository/org/apache/logging/log4j/log4j-api/2.24.3/log4j-api-2.24.3.jar:/Users/User/.m2/repository/org/slf4j/jul-to-slf4j/2.0.17/jul-to-slf4j-2.0.17.jar:/Users/User/.m2/repository/jakarta/annotation/jakarta.annotation-api/2.1.1/jakarta.annotation-api-2.1.1.jar:/Users/User/.m2/repository/org/yaml/snakeyaml/2.3/snakeyaml-2.3.jar:/Users/User/.m2/repository/org/springframework/boot/spring-boot-starter-jdbc/3.4.9/spring-boot-starter-jdbc-3.4.9.jar:/Users/User/.m2/repository/com/zaxxer/HikariCP/5.1.0/HikariCP-5.1.0.jar:/Users/User/.m2/repository/org/springframework/spring-jdbc/6.2.10/spring-jdbc-6.2.10.jar:/Users/User/.m2/repository/org/hibernate/orm/hibernate-core/6.6.26.Final/hibernate-core-6.6.26.Final.jar:/Users/User/.m2/repository/jakarta/persistence/jakarta.persistence-api/3.1.0/jakarta.persistence-api-3.1.0.jar:/Users/User/.m2/repository/jakarta/transaction/jakarta.transaction-api/2.0.1/jakarta.transaction-api-2.0.1.jar:/Users/User/.m2/repository/org/jboss/logging/jboss-logging/3.6.1.Final/jboss-logging-3.6.1.Final.jar:/Users/User/.m2/repository/org/hibernate/common/hibernate-commons-annotations/7.0.3.Final/hibernate-commons-annotations-7.0.3.Final.jar:/Users/User/.m2/repository/io/smallrye/jandex/3.2.0/jandex-3.2.0.jar:/Users/User/.m2/repository/com/fasterxml/classmate/1.7.0/classmate-1.7.0.jar:/Users/User/.m2/repository/net/bytebuddy/byte-buddy/1.15.11/byte-buddy-1.15.11.jar:/Users/User/.m2/repository/org/glassfish/jaxb/jaxb-runtime/4.0.5/jaxb-runtime-4.0.5.jar:/Users/User/.m2/repository/org/glassfish/jaxb/jaxb-core/4.0.5/jaxb-core-4.0.5.jar:/Users/User/.m2/repository/org/eclipse/angus/angus-activation/2.0.2/angus-activation-2.0.2.jar:/Users/User/.m2/repository/org/glassfish/jaxb/txw2/4.0.5/txw2-4.0.5.jar:/Users/User/.m2/repository/com/sun/istack/istack-commons-runtime/4.1.2/istack-commons-runtime-4.1.2.jar:/Users/User/.m2/repository/jakarta/inject/jakarta.inject-api/2.0.1/jakarta.inject-api-2.0.1.jar:/Users/User/.m2/repository/org/antlr/antlr4-runtime/4.13.0/antlr4-runtime-4.13.0.jar:/Users/User/.m2/repository/org/springframework/data/spring-data-jpa/3.4.9/spring-data-jpa-3.4.9.jar:/Users/User/.m2/repository/org/springframework/data/spring-data-commons/3.4.9/spring-data-commons-3.4.9.jar:/Users/User/.m2/repository/org/springframework/spring-orm/6.2.10/spring-orm-6.2.10.jar:/Users/User/.m2/repository/org/springframework/spring-aspects/6.2.10/spring-aspects-6.2.10.jar:/Users/User/.m2/repository/org/aspectj/aspectjweaver/1.9.24/aspectjweaver-1.9.24.jar:/Users/User/.m2/repository/org/springframework/boot/spring-boot-starter-webflux/3.4.9/spring-boot-starter-webflux-3.4.9.jar:/Users/User/.m2/repository/org/springframework/boot/spring-boot-starter-json/3.4.9/spring-boot-starter-json-3.4.9.jar:/Users/User/.m2/repository/com/fasterxml/jackson/core/jackson-databind/2.18.4/jackson-databind-2.18.4.jar:/Users/User/.m2/repository/com/fasterxml/jackson/core/jackson-annotations/2.18.4/jackson-annotations-2.18.4.jar:/Users/User/.m2/repository/com/fasterxml/jackson/core/jackson-core/2.18.4.1/jackson-core-2.18.4.1.jar:/Users/User/.m2/repository/com/fasterxml/jackson/datatype/jackson-datatype-jdk8/2.18.4/jackson-datatype-jdk8-2.18.4.jar:/Users/User/.m2/repository/com/fasterxml/jackson/datatype/jackson-datatype-jsr310/2.18.4/jackson-datatype-jsr310-2.18.4.jar:/Users/User/.m2/repository/com/fasterxml/jackson/module/jackson-module-parameter-names/2.18.4/jackson-module-parameter-names-2.18.4.jar:/Users/User/.m2/repository/org/springframework/boot/spring-boot-starter-reactor-netty/3.4.9/spring-boot-starter-reactor-netty-3.4.9.jar:/Users/User/.m2/repository/io/projectreactor/netty/reactor-netty-http/1.2.9/reactor-netty-http-1.2.9.jar:/Users/User/.m2/repository/io/netty/netty-codec-http/4.1.124.Final/netty-codec-http-4.1.124.Final.jar:/Users/User/.m2/repository/io/netty/netty-codec-http2/4.1.124.Final/netty-codec-http2-4.1.124.Final.jar:/Users/User/.m2/repository/io/netty/netty-resolver-dns/4.1.124.Final/netty-resolver-dns-4.1.124.Final.jar:/Users/User/.m2/repository/io/netty/netty-codec-dns/4.1.124.Final/netty-codec-dns-4.1.124.Final.jar:/Users/User/.m2/repository/io/netty/netty-resolver-dns-native-macos/4.1.124.Final/netty-resolver-dns-native-macos-4.1.124.Final-osx-x86_64.jar:/Users/User/.m2/repository/io/netty/netty-resolver-dns-classes-macos/4.1.124.Final/netty-resolver-dns-classes-macos-4.1.124.Final.jar:/Users/User/.m2/repository/io/netty/netty-transport-native-epoll/4.1.124.Final/netty-transport-native-epoll-4.1.124.Final-linux-x86_64.jar:/Users/User/.m2/repository/io/projectreactor/netty/reactor-netty-core/1.2.9/reactor-netty-core-1.2.9.jar:/Users/User/.m2/repository/io/netty/netty-handler-proxy/4.1.124.Final/netty-handler-proxy-4.1.124.Final.jar:/Users/User/.m2/repository/io/netty/netty-codec-socks/4.1.124.Final/netty-codec-socks-4.1.124.Final.jar:/Users/User/.m2/repository/org/springframework/spring-web/6.2.10/spring-web-6.2.10.jar:/Users/User/.m2/repository/org/springframework/spring-webflux/6.2.10/spring-webflux-6.2.10.jar:/Users/User/.m2/repository/org/postgresql/postgresql/42.7.7/postgresql-42.7.7.jar:/Users/User/.m2/repository/org/checkerframework/checker-qual/3.49.3/checker-qual-3.49.3.jar:/Users/User/.m2/repository/org/projectlombok/lombok/1.18.38/lombok-1.18.38.jar:/Users/User/.m2/repository/org/springframework/boot/spring-boot-starter-test/3.4.9/spring-boot-starter-test-3.4.9.jar:/Users/User/.m2/repository/org/springframework/boot/spring-boot-test/3.4.9/spring-boot-test-3.4.9.jar:/Users/User/.m2/repository/org/springframework/boot/spring-boot-test-autoconfigure/3.4.9/spring-boot-test-autoconfigure-3.4.9.jar:/Users/User/.m2/repository/com/jayway/jsonpath/json-path/2.9.0/json-path-2.9.0.jar:/Users/User/.m2/repository/jakarta/xml/bind/jakarta.xml.bind-api/4.0.2/jakarta.xml.bind-api-4.0.2.jar:/Users/User/.m2/repository/jakarta/activation/jakarta.activation-api/2.1.3/jakarta.activation-api-2.1.3.jar:/Users/User/.m2/repository/net/minidev/json-smart/2.5.2/json-smart-2.5.2.jar:/Users/User/.m2/repository/net/minidev/accessors-smart/2.5.2/accessors-smart-2.5.2.jar:/Users/User/.m2/repository/org/ow2/asm/asm/9.7.1/asm-9.7.1.jar:/Users/User/.m2/repository/org/assertj/assertj-core/3.26.3/assertj-core-3.26.3.jar:/Users/User/.m2/repository/org/awaitility/awaitility/4.2.2/awaitility-4.2.2.jar:/Users/User/.m2/repository/org/hamcrest/hamcrest/2.2/hamcrest-2.2.jar:/Users/User/.m2/repository/org/junit/jupiter/junit-jupiter/5.11.4/junit-jupiter-5.11.4.jar:/Users/User/.m2/repository/org/junit/jupiter/junit-jupiter-params/5.11.4/junit-jupiter-params-5.11.4.jar:/Users/User/.m2/repository/org/junit/jupiter/junit-jupiter-engine/5.11.4/junit-jupiter-engine-5.11.4.jar:/Users/User/.m2/repository/org/mockito/mockito-core/5.14.2/mockito-core-5.14.2.jar:/Users/User/.m2/repository/net/bytebuddy/byte-buddy-agent/1.15.11/byte-buddy-agent-1.15.11.jar:/Users/User/.m2/repository/org/objenesis/objenesis/3.3/objenesis-3.3.jar:/Users/User/.m2/repository/org/mockito/mockito-junit-jupiter/5.14.2/mockito-junit-jupiter-5.14.2.jar:/Users/User/.m2/repository/org/skyscreamer/jsonassert/1.5.3/jsonassert-1.5.3.jar:/Users/User/.m2/repository/com/vaadin/external/google/android-json/0.0.20131108.vaadin1/android-json-0.0.20131108.vaadin1.jar:/Users/User/.m2/repository/org/springframework/spring-core/6.2.10/spring-core-6.2.10.jar:/Users/User/.m2/repository/org/springframework/spring-jcl/6.2.10/spring-jcl-6.2.10.jar:/Users/User/.m2/repository/org/springframework/spring-test/6.2.10/spring-test-6.2.10.jar:/Users/User/.m2/repository/org/xmlunit/xmlunit-core/2.10.3/xmlunit-core-2.10.3.jar:/Users/User/.m2/repository/io/projectreactor/reactor-test/3.7.9/reactor-test-3.7.9.jar:/Users/User/.m2/repository/io/projectreactor/reactor-core/3.7.9/reactor-core-3.7.9.jar:/Users/User/.m2/repository/org/reactivestreams/reactive-streams/1.0.4/reactive-streams-1.0.4.jar:/Users/User/.m2/repository/org/springframework/kafka/spring-kafka-test/3.3.9/spring-kafka-test-3.3.9.jar:/Users/User/.m2/repository/org/apache/zookeeper/zookeeper/3.8.4/zookeeper-3.8.4.jar:/Users/User/.m2/repository/org/apache/zookeeper/zookeeper-jute/3.8.4/zookeeper-jute-3.8.4.jar:/Users/User/.m2/repository/org/apache/yetus/audience-annotations/0.12.0/audience-annotations-0.12.0.jar:/Users/User/.m2/repository/io/netty/netty-handler/4.1.124.Final/netty-handler-4.1.124.Final.jar:/Users/User/.m2/repository/io/netty/netty-common/4.1.124.Final/netty-common-4.1.124.Final.jar:/Users/User/.m2/repository/io/netty/netty-resolver/4.1.124.Final/netty-resolver-4.1.124.Final.jar:/Users/User/.m2/repository/io/netty/netty-buffer/4.1.124.Final/netty-buffer-4.1.124.Final.jar:/Users/User/.m2/repository/io/netty/netty-transport/4.1.124.Final/netty-transport-4.1.124.Final.jar:/Users/User/.m2/repository/io/netty/netty-transport-native-unix-common/4.1.124.Final/netty-transport-native-unix-common-4.1.124.Final.jar:/Users/User/.m2/repository/io/netty/netty-codec/4.1.124.Final/netty-codec-4.1.124.Final.jar:/Users/User/.m2/repository/io/netty/netty-transport-native-epoll/4.1.124.Final/netty-transport-native-epoll-4.1.124.Final.jar:/Users/User/.m2/repository/io/netty/netty-transport-classes-epoll/4.1.124.Final/netty-transport-classes-epoll-4.1.124.Final.jar:/Users/User/.m2/repository/ch/qos/logback/logback-core/1.5.18/logback-core-1.5.18.jar:/Users/User/.m2/repository/ch/qos/logback/logback-classic/1.5.18/logback-classic-1.5.18.jar:/Users/User/.m2/repository/commons-io/commons-io/2.11.0/commons-io-2.11.0.jar:/Users/User/.m2/repository/org/apache/kafka/kafka-clients/3.8.1/kafka-clients-3.8.1-test.jar:/Users/User/.m2/repository/org/apache/kafka/kafka-server/3.8.1/kafka-server-3.8.1.jar:/Users/User/.m2/repository/org/apache/kafka/kafka-group-coordinator/3.8.1/kafka-group-coordinator-3.8.1.jar:/Users/User/.m2/repository/org/apache/kafka/kafka-transaction-coordinator/3.8.1/kafka-transaction-coordinator-3.8.1.jar:/Users/User/.m2/repository/org/apache/kafka/kafka-raft/3.8.1/kafka-raft-3.8.1.jar:/Users/User/.m2/repository/com/yammer/metrics/metrics-core/2.2.0/metrics-core-2.2.0.jar:/Users/User/.m2/repository/org/apache/kafka/kafka-metadata/3.8.1/kafka-metadata-3.8.1.jar:/Users/User/.m2/repository/org/apache/kafka/kafka-server-common/3.8.1/kafka-server-common-3.8.1.jar:/Users/User/.m2/repository/net/sf/jopt-simple/jopt-simple/5.0.4/jopt-simple-5.0.4.jar:/Users/User/.m2/repository/org/pcollections/pcollections/4.0.1/pcollections-4.0.1.jar:/Users/User/.m2/repository/org/apache/kafka/kafka-server-common/3.8.1/kafka-server-common-3.8.1-test.jar:/Users/User/.m2/repository/org/apache/kafka/kafka-streams-test-utils/3.8.1/kafka-streams-test-utils-3.8.1.jar:/Users/User/.m2/repository/org/apache/kafka/kafka-streams/3.8.1/kafka-streams-3.8.1.jar:/Users/User/.m2/repository/org/rocksdb/rocksdbjni/7.9.2/rocksdbjni-7.9.2.jar:/Users/User/.m2/repository/org/apache/kafka/kafka_2.13/3.8.1/kafka_2.13-3.8.1.jar:/Users/User/.m2/repository/org/scala-lang/scala-library/2.13.14/scala-library-2.13.14.jar:/Users/User/.m2/repository/org/apache/kafka/kafka-group-coordinator-api/3.8.1/kafka-group-coordinator-api-3.8.1.jar:/Users/User/.m2/repository/org/apache/kafka/kafka-storage-api/3.8.1/kafka-storage-api-3.8.1.jar:/Users/User/.m2/repository/org/apache/kafka/kafka-tools-api/3.8.1/kafka-tools-api-3.8.1.jar:/Users/User/.m2/repository/org/apache/kafka/kafka-storage/3.8.1/kafka-storage-3.8.1.jar:/Users/User/.m2/repository/com/github/ben-manes/caffeine/caffeine/3.1.8/caffeine-3.1.8.jar:/Users/User/.m2/repository/com/google/errorprone/error_prone_annotations/2.21.1/error_prone_annotations-2.21.1.jar:/Users/User/.m2/repository/net/sourceforge/argparse4j/argparse4j/0.7.0/argparse4j-0.7.0.jar:/Users/User/.m2/repository/commons-validator/commons-validator/1.7/commons-validator-1.7.jar:/Users/User/.m2/repository/commons-beanutils/commons-beanutils/1.9.4/commons-beanutils-1.9.4.jar:/Users/User/.m2/repository/commons-digester/commons-digester/2.1/commons-digester-2.1.jar:/Users/User/.m2/repository/commons-collections/commons-collections/3.2.2/commons-collections-3.2.2.jar:/Users/User/.m2/repository/com/fasterxml/jackson/module/jackson-module-scala_2.13/2.18.4/jackson-module-scala_2.13-2.18.4.jar:/Users/User/.m2/repository/com/thoughtworks/paranamer/paranamer/2.8/paranamer-2.8.jar:/Users/User/.m2/repository/com/fasterxml/jackson/dataformat/jackson-dataformat-csv/2.18.4/jackson-dataformat-csv-2.18.4.jar:/Users/User/.m2/repository/org/bitbucket/b_c/jose4j/0.9.4/jose4j-0.9.4.jar:/Users/User/.m2/repository/org/scala-lang/modules/scala-collection-compat_2.13/2.10.0/scala-collection-compat_2.13-2.10.0.jar:/Users/User/.m2/repository/org/scala-lang/modules/scala-java8-compat_2.13/1.0.2/scala-java8-compat_2.13-1.0.2.jar:/Users/User/.m2/repository/org/scala-lang/scala-reflect/2.13.14/scala-reflect-2.13.14.jar:/Users/User/.m2/repository/com/typesafe/scala-logging/scala-logging_2.13/3.9.4/scala-logging_2.13-3.9.4.jar:/Users/User/.m2/repository/io/dropwizard/metrics/metrics-core/4.1.12.1/metrics-core-4.1.12.1.jar:/Users/User/.m2/repository/commons-cli/commons-cli/1.4/commons-cli-1.4.jar:/Users/User/.m2/repository/org/apache/kafka/kafka_2.13/3.8.1/kafka_2.13-3.8.1-test.jar:/Users/User/.m2/repository/org/junit/jupiter/junit-jupiter-api/5.11.4/junit-jupiter-api-5.11.4.jar:/Users/User/.m2/repository/org/opentest4j/opentest4j/1.3.0/opentest4j-1.3.0.jar:/Users/User/.m2/repository/org/junit/platform/junit-platform-commons/1.11.4/junit-platform-commons-1.11.4.jar:/Users/User/.m2/repository/org/apiguardian/apiguardian-api/1.1.2/apiguardian-api-1.1.2.jar:/Users/User/.m2/repository/org/junit/platform/junit-platform-launcher/1.11.4/junit-platform-launcher-1.11.4.jar:/Users/User/.m2/repository/org/junit/platform/junit-platform-engine/1.11.4/junit-platform-engine-1.11.4.jar:"/>
    <property name="sun.cpu.endian" value="little"/>
    <property name="user.home" value="/Users/User"/>
    <property name="user.language" value="en"/>
    <property name="java.specification.vendor" value="Oracle Corporation"/>
    <property name="java.version.date" value="2024-10-15"/>
    <property name="java.home" value="/Users/User/Library/Java/JavaVirtualMachines/corretto-21.0.5/Contents/Home"/>
    <property name="file.separator" value="/"/>
    <property name="basedir" value="/Users/User/workspace/payment-pipeline/payment-producer"/>
    <property name="java.vm.compressedOopsMode" value="Zero based"/>
    <property name="line.separator" value="&#10;"/>
    <property name="java.vm.specification.vendor" value="Oracle Corporation"/>
    <property name="java.specification.name" value="Java Platform API Specification"/>
    <property name="apple.awt.application.name" value="ForkedBooter"/>
    <property name="surefire.real.class.path" value="/Users/User/workspace/payment-pipeline/payment-producer/target/surefire/surefirebooter-20250825003852371_3.jar"/>
    <property name="sun.management.compiler" value="HotSpot 64-Bit Tiered Compilers"/>
    <property name="ftp.nonProxyHosts" value="local|*.local|169.254/16|*.169.254/16"/>
    <property name="java.runtime.version" value="21.0.5+11-LTS"/>
    <property name="user.name" value="User"/>
    <property name="stdout.encoding" value="UTF-8"/>
    <property name="path.separator" value=":"/>
    <property name="os.version" value="15.6"/>
    <property name="java.runtime.name" value="OpenJDK Runtime Environment"/>
    <property name="file.encoding" value="UTF-8"/>
    <property name="java.vm.name" value="OpenJDK 64-Bit Server VM"/>
    <property name="java.vendor.version" value="Corretto-21.0.5.11.1"/>
    <property name="localRepository" value="/Users/User/.m2/repository"/>
    <property name="java.vendor.url.bug" value="https://github.com/corretto/corretto-21/issues/"/>
    <property name="java.io.tmpdir" value="/var/folders/_q/3wq8ms5n0mnc3p5pys57l7km0000gn/T/"/>
    <property name="idea.version" value="2024.3"/>
    <property name="java.version" value="21.0.5"/>
    <property name="user.dir" value="/Users/User/workspace/payment-pipeline/payment-producer"/>
    <property name="os.arch" value="aarch64"/>
    <property name="java.vm.specification.name" value="Java Virtual Machine Specification"/>
    <property name="native.encoding" value="UTF-8"/>
    <property name="java.library.path" value="/Users/User/Library/Java/Extensions:/Library/Java/Extensions:/Network/Library/Java/Extensions:/System/Library/Java/Extensions:/usr/lib/java:."/>
    <property name="java.vm.info" value="mixed mode, sharing"/>
    <property name="stderr.encoding" value="UTF-8"/>
    <property name="java.vendor" value="Amazon.com Inc."/>
    <property name="java.vm.version" value="21.0.5+11-LTS"/>
    <property name="sun.io.unicode.encoding" value="UnicodeBig"/>
    <property name="socksNonProxyHosts" value="local|*.local|169.254/16|*.169.254/16"/>
    <property name="java.class.version" value="65.0"/>
  </properties>
  <testcase name="shouldSendPaymentEventWithDifferentStatuses" classname="com.example.finance.service.PaymentProducerTest" time="0.71">
    <system-out><![CDATA[Sent PAYMENT_CREATED: PaymentEvent(paymentId=payment-123, userId=user-456, amount=100.50, status=CREATED)
Sent PAYMENT_CREATED: PaymentEvent(paymentId=payment-456, userId=user-456, amount=100.50, status=VALIDATED)
]]></system-out>
    <system-err><![CDATA[Aug 25, 2025 12:38:52 AM org.junit.platform.launcher.core.LauncherConfigurationParameters loadClasspathResource
WARNING: Discovered 3 'junit-platform.properties' configuration files on the classpath (see below); only the first (*) will be used.
- jar:file:/Users/User/.m2/repository/org/apache/kafka/kafka-clients/3.8.1/kafka-clients-3.8.1-test.jar!/junit-platform.properties (*)
- jar:file:/Users/User/.m2/repository/org/apache/kafka/kafka-server-common/3.8.1/kafka-server-common-3.8.1-test.jar!/junit-platform.properties
- jar:file:/Users/User/.m2/repository/org/apache/kafka/kafka_2.13/3.8.1/kafka_2.13-3.8.1-test.jar!/junit-platform.properties
Aug 25, 2025 12:38:52 AM org.junit.platform.launcher.core.LauncherConfigurationParameters loadClasspathResource
WARNING: Discovered 3 'junit-platform.properties' configuration files on the classpath (see below); only the first (*) will be used.
- jar:file:/Users/User/.m2/repository/org/apache/kafka/kafka-clients/3.8.1/kafka-clients-3.8.1-test.jar!/junit-platform.properties (*)
- jar:file:/Users/User/.m2/repository/org/apache/kafka/kafka-server-common/3.8.1/kafka-server-common-3.8.1-test.jar!/junit-platform.properties
- jar:file:/Users/User/.m2/repository/org/apache/kafka/kafka_2.13/3.8.1/kafka_2.13-3.8.1-test.jar!/junit-platform.properties
Aug 25, 2025 12:38:52 AM org.junit.platform.launcher.core.LauncherConfigurationParameters loadClasspathResource
WARNING: Discovered 3 'junit-platform.properties' configuration files on the classpath (see below); only the first (*) will be used.
- jar:file:/Users/User/.m2/repository/org/apache/kafka/kafka-clients/3.8.1/kafka-clients-3.8.1-test.jar!/junit-platform.properties (*)
- jar:file:/Users/User/.m2/repository/org/apache/kafka/kafka-server-common/3.8.1/kafka-server-common-3.8.1-test.jar!/junit-platform.properties
- jar:file:/Users/User/.m2/repository/org/apache/kafka/kafka_2.13/3.8.1/kafka_2.13-3.8.1-test.jar!/junit-platform.properties
Mockito is currently self-attaching to enable the inline-mock-maker. This will no longer work in future releases of the JDK. Please add Mockito as an agent to your build what is described in Mockito's documentation: https://javadoc.io/doc/org.mockito/mockito-core/latest/org/mockito/Mockito.html#0.3
WARNING: A Java agent has been loaded dynamically (/Users/User/.m2/repository/net/bytebuddy/byte-buddy-agent/1.15.11/byte-buddy-agent-1.15.11.jar)
WARNING: If a serviceability tool is in use, please run with -XX:+EnableDynamicAgentLoading to hide this warning
WARNING: If a serviceability tool is not in use, please run with -Djdk.instrument.traceUsage for more information
WARNING: Dynamic loading of agents will be disallowed by default in a future release
]]></system-err>
  </testcase>
  <testcase name="shouldSendPaymentCreatedEvent" classname="com.example.finance.service.PaymentProducerTest" time="0.003">
    <system-out><![CDATA[Sent PAYMENT_CREATED: PaymentEvent(paymentId=payment-123, userId=user-456, amount=100.50, status=CREATED)
]]></system-out>
  </testcase>
  <testcase name="shouldSendPaymentEventWithCorrectPaymentId" classname="com.example.finance.service.PaymentProducerTest" time="0.002">
    <system-out><![CDATA[Sent PAYMENT_CREATED: PaymentEvent(paymentId=payment-123, userId=user-456, amount=100.50, status=CREATED)
]]></system-out>
  </testcase>
</testsuite>